<?xml version="1.0" encoding="UTF-8"?>
<!-- Generated by org.testng.reporters.JUnitXMLReporter -->
<testsuite ignored="0" hostname="DESKTOP-DQT1QGK" failures="1" tests="1" name="Default test" time="18.973" errors="0" timestamp="2022-11-21T11:13:15 IST">
  <testcase classname="io.cucumber.testng.AbstractTestNGCucumberTests" name="runScenario" time="18.349">
    <failure type="java.lang.NullPointerException" message="Cannot invoke &amp;quot;org.openqa.selenium.WebDriver.findElement(org.openqa.selenium.By)&amp;quot; because &amp;quot;this.driver&amp;quot; is null">
      <![CDATA[java.lang.NullPointerException: Cannot invoke "org.openqa.selenium.WebDriver.findElement(org.openqa.selenium.By)" because "this.driver" is null
at PageObject.LoginPage.enterphNum(LoginPage.java:18)
at StepDefinition.LoginStepDefinition.login_with_phonenumber_something_and_password_something(LoginStepDefinition.java:31)
at ✽.Login with PhoneNumber "7353388791" and password "Hanamant@1996"(file:///G:/WorkspaceNew/CucumberFramework/src/test/java/FeatureFile/LoginSellerApp.feature:9)
]]>
    </failure>
  </testcase> <!-- runScenario -->
</testsuite> <!-- Default test -->
