<?xml version="1.0" encoding="UTF-8"?>
<testng-results ignored="0" total="1" passed="0" failed="1" skipped="0">
  <reporter-output>
  </reporter-output>
  <suite started-at="2023-11-07T14:20:19 IST" name="Default suite" finished-at="2023-11-07T14:25:49 IST" duration-ms="329738">
    <groups>
      <group name="cucumber">
        <method signature="AbstractTestNGCucumberTests.runScenario(io.cucumber.testng.PickleWrapper,io.cucumber.testng.FeatureWrapper)[pri:0, instance:CucumberTestNg.TestNgRunner$TestNgtestRunner@33d512c1]" name="runScenario" class="io.cucumber.testng.AbstractTestNGCucumberTests"/>
      </group> <!-- cucumber -->
    </groups>
    <test started-at="2023-11-07T14:20:19 IST" name="Default test" finished-at="2023-11-07T14:25:49 IST" duration-ms="329738">
      <class name="CucumberTestNg.TestNgRunner$TestNgtestRunner">
        <test-method is-config="true" signature="setUpClass(org.testng.ITestContext)[pri:0, instance:CucumberTestNg.TestNgRunner$TestNgtestRunner@33d512c1]" started-at="2023-11-07T14:20:19 IST" name="setUpClass" finished-at="2023-11-07T14:20:20 IST" duration-ms="741" status="PASS">
          <params>
            <param index="0">
              <value>
                <![CDATA[org.testng.TestRunner@632383b9]]>
              </value>
            </param>
          </params>
          <reporter-output>
          </reporter-output>
        </test-method> <!-- setUpClass -->
        <test-method signature="runScenario(io.cucumber.testng.PickleWrapper,io.cucumber.testng.FeatureWrapper)[pri:0, instance:CucumberTestNg.TestNgRunner$TestNgtestRunner@33d512c1]" started-at="2023-11-07T14:20:20 IST" name="runScenario" description="Runs Cucumber Scenarios" data-provider="scenarios" finished-at="2023-11-07T14:25:49 IST" duration-ms="328811" status="FAIL">
          <params>
            <param index="0">
              <value>
                <![CDATA["Login to the application with valid credentials successfully and validate Login page"]]>
              </value>
            </param>
            <param index="1">
              <value>
                <![CDATA["Title of your feature"]]>
              </value>
            </param>
          </params>
          <exception class="org.openqa.selenium.ElementClickInterceptedException">
            <message>
              <![CDATA[element click intercepted: Element <button data-bb-handler="ok" type="button" class="btn btn-primary">...</button> is not clickable at point (1078, 133). Other element would receive the click: <button data-bb-handler="ok" type="button" class="btn btn-primary">...</button>
  (Session info: chrome=118.0.5993.118)
Build info: version: '4.3.0', revision: 'a4995e2c09*'
System info: host: 'DESKTOP-V13P0FR', ip: '192.168.0.196', os.name: 'Windows 11', os.arch: 'amd64', os.version: '10.0', java.version: '17.0.8'
Driver info: org.openqa.selenium.chrome.ChromeDriver
Command: [5fb515d68d851fe12b775078871b6015, clickElement {id=0854AA14021112A6343636CD03355401_element_11010}]
Capabilities {acceptInsecureCerts: false, browserName: chrome, browserVersion: 118.0.5993.118, chrome: {chromedriverVersion: 118.0.5993.70 (e52f33f30b91..., userDataDir: C:\Users\admin\AppData\Loca...}, fedcm:accounts: true, goog:chromeOptions: {debuggerAddress: localhost:62420}, networkConnectionEnabled: false, pageLoadStrategy: normal, platformName: WINDOWS, proxy: Proxy(), se:cdp: ws://localhost:62420/devtoo..., se:cdpVersion: 118.0.5993.118, setWindowRect: true, strictFileInteractability: false, timeouts: {implicit: 0, pageLoad: 300000, script: 30000}, unhandledPromptBehavior: dismiss and notify, webauthn:extension:credBlob: true, webauthn:extension:largeBlob: true, webauthn:extension:minPinLength: true, webauthn:extension:prf: true, webauthn:virtualAuthenticators: true}
Element: [[ChromeDriver: chrome on WINDOWS (5fb515d68d851fe12b775078871b6015)] -> xpath: //*[text()="OK"]]
Session ID: 5fb515d68d851fe12b775078871b6015]]>
            </message>
            <full-stacktrace>
              <![CDATA[org.openqa.selenium.ElementClickInterceptedException: element click intercepted: Element <button data-bb-handler="ok" type="button" class="btn btn-primary">...</button> is not clickable at point (1078, 133). Other element would receive the click: <button data-bb-handler="ok" type="button" class="btn btn-primary">...</button>
  (Session info: chrome=118.0.5993.118)
Build info: version: '4.3.0', revision: 'a4995e2c09*'
System info: host: 'DESKTOP-V13P0FR', ip: '192.168.0.196', os.name: 'Windows 11', os.arch: 'amd64', os.version: '10.0', java.version: '17.0.8'
Driver info: org.openqa.selenium.chrome.ChromeDriver
Command: [5fb515d68d851fe12b775078871b6015, clickElement {id=0854AA14021112A6343636CD03355401_element_11010}]
Capabilities {acceptInsecureCerts: false, browserName: chrome, browserVersion: 118.0.5993.118, chrome: {chromedriverVersion: 118.0.5993.70 (e52f33f30b91..., userDataDir: C:\Users\admin\AppData\Loca...}, fedcm:accounts: true, goog:chromeOptions: {debuggerAddress: localhost:62420}, networkConnectionEnabled: false, pageLoadStrategy: normal, platformName: WINDOWS, proxy: Proxy(), se:cdp: ws://localhost:62420/devtoo..., se:cdpVersion: 118.0.5993.118, setWindowRect: true, strictFileInteractability: false, timeouts: {implicit: 0, pageLoad: 300000, script: 30000}, unhandledPromptBehavior: dismiss and notify, webauthn:extension:credBlob: true, webauthn:extension:largeBlob: true, webauthn:extension:minPinLength: true, webauthn:extension:prf: true, webauthn:virtualAuthenticators: true}
Element: [[ChromeDriver: chrome on WINDOWS (5fb515d68d851fe12b775078871b6015)] -> xpath: //*[text()="OK"]]
Session ID: 5fb515d68d851fe12b775078871b6015
at java.base/jdk.internal.reflect.NativeConstructorAccessorImpl.newInstance0(Native Method)
at java.base/jdk.internal.reflect.NativeConstructorAccessorImpl.newInstance(NativeConstructorAccessorImpl.java:77)
at java.base/jdk.internal.reflect.DelegatingConstructorAccessorImpl.newInstance(DelegatingConstructorAccessorImpl.java:45)
at java.base/java.lang.reflect.Constructor.newInstanceWithCaller(Constructor.java:499)
at java.base/java.lang.reflect.Constructor.newInstance(Constructor.java:480)
at org.openqa.selenium.remote.codec.w3c.W3CHttpResponseCodec.createException(W3CHttpResponseCodec.java:200)
at org.openqa.selenium.remote.codec.w3c.W3CHttpResponseCodec.decode(W3CHttpResponseCodec.java:133)
at org.openqa.selenium.remote.codec.w3c.W3CHttpResponseCodec.decode(W3CHttpResponseCodec.java:53)
at org.openqa.selenium.remote.HttpCommandExecutor.execute(HttpCommandExecutor.java:184)
at org.openqa.selenium.remote.service.DriverCommandExecutor.invokeExecute(DriverCommandExecutor.java:167)
at org.openqa.selenium.remote.service.DriverCommandExecutor.execute(DriverCommandExecutor.java:142)
at org.openqa.selenium.remote.RemoteWebDriver.execute(RemoteWebDriver.java:569)
at org.openqa.selenium.remote.RemoteWebElement.execute(RemoteWebElement.java:257)
at org.openqa.selenium.remote.RemoteWebElement.click(RemoteWebElement.java:78)
at PageObject.LoginSnoc.click_Ok(LoginSnoc.java:203)
at StepDefinition.LoginSnocStepdefinition.click_on_view_order_option(LoginSnocStepdefinition.java:105)
at ✽.click on View Order Option(file:///C:/Users/admin/eclipse-workspace/DeliveryAutomation/src/test/java/featurefile/LoginSnock.feature:13)
]]>
            </full-stacktrace>
          </exception> <!-- org.openqa.selenium.ElementClickInterceptedException -->
          <reporter-output>
          </reporter-output>
        </test-method> <!-- runScenario -->
        <test-method is-config="true" signature="tearDownClass()[pri:0, instance:CucumberTestNg.TestNgRunner$TestNgtestRunner@33d512c1]" started-at="2023-11-07T14:25:49 IST" name="tearDownClass" finished-at="2023-11-07T14:25:49 IST" duration-ms="140" status="PASS">
          <reporter-output>
          </reporter-output>
        </test-method> <!-- tearDownClass -->
      </class> <!-- CucumberTestNg.TestNgRunner$TestNgtestRunner -->
    </test> <!-- Default test -->
  </suite> <!-- Default suite -->
</testng-results>
