<?xml version="1.0" encoding="UTF-8"?>
<testng-results ignored="0" total="1" passed="0" failed="1" skipped="0">
  <reporter-output>
  </reporter-output>
  <suite started-at="2022-11-21T11:12:56 IST" name="Default suite" finished-at="2022-11-21T11:13:15 IST" duration-ms="18973">
    <groups>
      <group name="cucumber">
        <method signature="AbstractTestNGCucumberTests.runScenario(io.cucumber.testng.PickleWrapper,io.cucumber.testng.FeatureWrapper)[pri:0, instance:CucumberOption.TestNgRunner$TestNGRunner@21e360a]" name="runScenario" class="io.cucumber.testng.AbstractTestNGCucumberTests"/>
      </group> <!-- cucumber -->
    </groups>
    <test started-at="2022-11-21T11:12:56 IST" name="Default test" finished-at="2022-11-21T11:13:15 IST" duration-ms="18973">
      <class name="CucumberOption.TestNgRunner$TestNGRunner">
        <test-method is-config="true" signature="setUpClass(org.testng.ITestContext)[pri:0, instance:CucumberOption.TestNgRunner$TestNGRunner@21e360a]" started-at="2022-11-21T11:12:56 IST" name="setUpClass" finished-at="2022-11-21T11:12:57 IST" duration-ms="514" status="PASS">
          <params>
            <param index="0">
              <value>
                <![CDATA[org.testng.TestRunner@54e3658c]]>
              </value>
            </param>
          </params>
          <reporter-output>
          </reporter-output>
        </test-method> <!-- setUpClass -->
        <test-method signature="runScenario(io.cucumber.testng.PickleWrapper,io.cucumber.testng.FeatureWrapper)[pri:0, instance:CucumberOption.TestNgRunner$TestNGRunner@21e360a]" started-at="2022-11-21T11:12:57 IST" name="runScenario" description="Runs Cucumber Scenarios" data-provider="scenarios" finished-at="2022-11-21T11:13:15 IST" duration-ms="18349" status="FAIL">
          <params>
            <param index="0">
              <value>
                <![CDATA["Enterprise Seller pannel login"]]>
              </value>
            </param>
            <param index="1">
              <value>
                <![CDATA["Title of your feature"]]>
              </value>
            </param>
          </params>
          <exception class="java.lang.NullPointerException">
            <message>
              <![CDATA[Cannot invoke "org.openqa.selenium.WebDriver.findElement(org.openqa.selenium.By)" because "this.driver" is null]]>
            </message>
            <full-stacktrace>
              <![CDATA[java.lang.NullPointerException: Cannot invoke "org.openqa.selenium.WebDriver.findElement(org.openqa.selenium.By)" because "this.driver" is null
at PageObject.LoginPage.enterphNum(LoginPage.java:18)
at StepDefinition.LoginStepDefinition.login_with_phonenumber_something_and_password_something(LoginStepDefinition.java:31)
at ✽.Login with PhoneNumber "7353388791" and password "Hanamant@1996"(file:///G:/WorkspaceNew/CucumberFramework/src/test/java/FeatureFile/LoginSellerApp.feature:9)
]]>
            </full-stacktrace>
          </exception> <!-- java.lang.NullPointerException -->
          <reporter-output>
          </reporter-output>
        </test-method> <!-- runScenario -->
        <test-method is-config="true" signature="tearDownClass()[pri:0, instance:CucumberOption.TestNgRunner$TestNGRunner@21e360a]" started-at="2022-11-21T11:13:15 IST" name="tearDownClass" finished-at="2022-11-21T11:13:15 IST" duration-ms="20" status="PASS">
          <reporter-output>
          </reporter-output>
        </test-method> <!-- tearDownClass -->
      </class> <!-- CucumberOption.TestNgRunner$TestNGRunner -->
    </test> <!-- Default test -->
  </suite> <!-- Default suite -->
</testng-results>
