<?xml version="1.0" encoding="UTF-8"?>
<!-- Generated by org.testng.reporters.JUnitReportReporter -->
<testsuite hostname="DESKTOP-DQT1QGK" failures="0" tests="1" name="CucumberOption.TestNgRunner$TestNGRunner" time="18.349" errors="1" timestamp="2022-11-21T11:13:15 IST" skipped="0">
  <testcase classname="CucumberOption.TestNgRunner$TestNGRunner" name="runScenario" time="18.349">
    <error message="Cannot invoke &quot;org.openqa.selenium.WebDriver.findElement(org.openqa.selenium.By)&quot; because &quot;this.driver&quot; is null" type="java.lang.NullPointerException">
      <![CDATA[java.lang.NullPointerException: Cannot invoke "org.openqa.selenium.WebDriver.findElement(org.openqa.selenium.By)" because "this.driver" is null
at PageObject.LoginPage.enterphNum(LoginPage.java:18)
at StepDefinition.LoginStepDefinition.login_with_phonenumber_something_and_password_something(LoginStepDefinition.java:31)
at ✽.Login with PhoneNumber "7353388791" and password "Hanamant@1996"(file:///G:/WorkspaceNew/CucumberFramework/src/test/java/FeatureFile/LoginSellerApp.feature:9)
]]>
    </error>
  </testcase> <!-- runScenario -->
  <system-out/>
</testsuite> <!-- CucumberOption.TestNgRunner$TestNGRunner -->
